2026-04-30 08:54:09,703 [INFO] ============================================================
2026-04-30 08:54:09,703 [INFO] RETRY GAPS — 20,206 pending CRNs to process
2026-04-30 08:54:09,704 [INFO] Workers: 5 | ETA: 1.9h
2026-04-30 08:54:09,704 [INFO] ============================================================
2026-04-30 08:55:36,962 [INFO] ============================================================
2026-04-30 08:55:36,962 [INFO] RETRY GAPS — 20,206 pending CRNs to process
2026-04-30 08:55:36,962 [INFO] Workers: 5 | ETA: 1.9h
2026-04-30 08:55:36,963 [INFO] ============================================================
2026-04-30 08:58:19,117 [INFO] [1.0%] 200/20,206 | Valid:26 | Sealed:174 | DB:56,598 | Parties:187,590
2026-04-30 09:00:47,492 [INFO] [2.0%] 400/20,206 | Valid:26 | Sealed:374 | DB:56,598 | Parties:187,590
2026-04-30 09:03:16,157 [INFO] [3.0%] 600/20,206 | Valid:26 | Sealed:574 | DB:56,598 | Parties:187,590
2026-04-30 09:05:44,297 [INFO] [4.0%] 800/20,206 | Valid:26 | Sealed:774 | DB:56,598 | Parties:187,590
2026-04-30 09:08:10,559 [INFO] [4.9%] 1,000/20,206 | Valid:26 | Sealed:974 | DB:56,598 | Parties:187,590
2026-04-30 09:10:40,596 [INFO] [5.9%] 1,200/20,206 | Valid:26 | Sealed:1,174 | DB:56,598 | Parties:187,590
2026-04-30 09:13:09,389 [INFO] [6.9%] 1,400/20,206 | Valid:26 | Sealed:1,374 | DB:56,598 | Parties:187,590
2026-04-30 09:15:40,086 [INFO] [7.9%] 1,600/20,206 | Valid:26 | Sealed:1,574 | DB:56,598 | Parties:187,590
2026-04-30 09:18:07,096 [INFO] [8.9%] 1,800/20,206 | Valid:26 | Sealed:1,774 | DB:56,598 | Parties:187,590
2026-04-30 09:20:36,334 [INFO] [9.9%] 2,000/20,206 | Valid:26 | Sealed:1,974 | DB:56,598 | Parties:187,590
2026-04-30 09:23:07,031 [INFO] [10.9%] 2,200/20,206 | Valid:26 | Sealed:2,174 | DB:56,598 | Parties:187,590
2026-04-30 09:25:36,761 [INFO] [11.9%] 2,400/20,206 | Valid:26 | Sealed:2,374 | DB:56,598 | Parties:187,590
2026-04-30 09:28:05,037 [INFO] [12.9%] 2,600/20,206 | Valid:26 | Sealed:2,574 | DB:56,598 | Parties:187,590
2026-04-30 09:30:35,169 [INFO] [13.9%] 2,800/20,206 | Valid:26 | Sealed:2,774 | DB:56,598 | Parties:187,590
2026-04-30 09:33:05,447 [INFO] [14.8%] 3,000/20,206 | Valid:26 | Sealed:2,974 | DB:56,598 | Parties:187,590
2026-04-30 09:35:32,455 [INFO] [15.8%] 3,200/20,206 | Valid:26 | Sealed:3,174 | DB:56,598 | Parties:187,590
2026-04-30 09:38:00,155 [INFO] [16.8%] 3,400/20,206 | Valid:26 | Sealed:3,374 | DB:56,598 | Parties:187,590
2026-04-30 09:40:29,558 [INFO] [17.8%] 3,600/20,206 | Valid:26 | Sealed:3,574 | DB:56,598 | Parties:187,590
2026-04-30 09:42:56,612 [INFO] [18.8%] 3,800/20,206 | Valid:26 | Sealed:3,774 | DB:56,598 | Parties:187,590
2026-04-30 09:45:27,436 [INFO] [19.8%] 4,000/20,206 | Valid:26 | Sealed:3,974 | DB:56,598 | Parties:187,590
2026-04-30 09:47:55,906 [INFO] [20.8%] 4,200/20,206 | Valid:26 | Sealed:4,174 | DB:56,598 | Parties:187,590
2026-04-30 09:50:25,385 [INFO] [21.8%] 4,400/20,206 | Valid:26 | Sealed:4,374 | DB:56,598 | Parties:187,590
2026-04-30 09:52:53,374 [INFO] [22.8%] 4,600/20,206 | Valid:26 | Sealed:4,574 | DB:56,598 | Parties:187,590
2026-04-30 09:55:23,907 [INFO] [23.8%] 4,800/20,206 | Valid:26 | Sealed:4,774 | DB:56,598 | Parties:187,590
2026-04-30 09:57:48,527 [INFO] [24.7%] 5,000/20,206 | Valid:26 | Sealed:4,974 | DB:56,598 | Parties:187,590
2026-04-30 10:00:14,858 [INFO] [25.7%] 5,200/20,206 | Valid:26 | Sealed:5,174 | DB:56,598 | Parties:187,590
2026-04-30 10:02:45,281 [INFO] [26.7%] 5,400/20,206 | Valid:26 | Sealed:5,374 | DB:56,598 | Parties:187,590
2026-04-30 10:05:14,989 [INFO] [27.7%] 5,600/20,206 | Valid:26 | Sealed:5,574 | DB:56,598 | Parties:187,590
2026-04-30 10:07:39,747 [INFO] [28.7%] 5,800/20,206 | Valid:26 | Sealed:5,774 | DB:56,598 | Parties:187,590
2026-04-30 10:10:09,474 [INFO] [29.7%] 6,000/20,206 | Valid:26 | Sealed:5,974 | DB:56,598 | Parties:187,590
2026-04-30 10:12:39,374 [INFO] [30.7%] 6,200/20,206 | Valid:26 | Sealed:6,174 | DB:56,598 | Parties:187,590
2026-04-30 10:15:06,780 [INFO] [31.7%] 6,400/20,206 | Valid:26 | Sealed:6,374 | DB:56,598 | Parties:187,590
2026-04-30 10:17:35,422 [INFO] [32.7%] 6,600/20,206 | Valid:26 | Sealed:6,574 | DB:56,598 | Parties:187,590
2026-04-30 10:20:07,990 [INFO] [33.7%] 6,800/20,206 | Valid:26 | Sealed:6,774 | DB:56,598 | Parties:187,590
2026-04-30 10:22:36,592 [INFO] [34.6%] 7,000/20,206 | Valid:26 | Sealed:6,974 | DB:56,598 | Parties:187,590
2026-04-30 10:25:03,740 [INFO] [35.6%] 7,200/20,206 | Valid:26 | Sealed:7,174 | DB:56,598 | Parties:187,590
2026-04-30 10:27:30,330 [INFO] [36.6%] 7,400/20,206 | Valid:26 | Sealed:7,374 | DB:56,598 | Parties:187,590
2026-04-30 10:29:57,194 [INFO] [37.6%] 7,600/20,206 | Valid:26 | Sealed:7,574 | DB:56,598 | Parties:187,590
2026-04-30 10:32:34,084 [INFO] [38.6%] 7,800/20,206 | Valid:26 | Sealed:7,774 | DB:56,598 | Parties:187,590
2026-04-30 10:35:01,819 [INFO] [39.6%] 8,000/20,206 | Valid:26 | Sealed:7,974 | DB:56,598 | Parties:187,590
2026-04-30 10:37:25,516 [INFO] [40.6%] 8,200/20,206 | Valid:26 | Sealed:8,174 | DB:56,598 | Parties:187,590
2026-04-30 10:39:49,450 [INFO] [41.6%] 8,400/20,206 | Valid:26 | Sealed:8,374 | DB:56,598 | Parties:187,590
2026-04-30 10:42:13,521 [INFO] [42.6%] 8,600/20,206 | Valid:26 | Sealed:8,574 | DB:56,598 | Parties:187,590
2026-04-30 10:44:39,644 [INFO] [43.6%] 8,800/20,206 | Valid:26 | Sealed:8,774 | DB:56,598 | Parties:187,590
2026-04-30 10:47:06,757 [INFO] [44.5%] 9,000/20,206 | Valid:26 | Sealed:8,974 | DB:56,598 | Parties:187,590
2026-04-30 10:49:32,945 [INFO] [45.5%] 9,200/20,206 | Valid:26 | Sealed:9,174 | DB:56,598 | Parties:187,590
2026-04-30 10:52:00,008 [INFO] [46.5%] 9,400/20,206 | Valid:26 | Sealed:9,374 | DB:56,598 | Parties:187,590
2026-04-30 10:54:25,270 [INFO] [47.5%] 9,600/20,206 | Valid:26 | Sealed:9,574 | DB:56,598 | Parties:187,590
2026-04-30 10:56:52,145 [INFO] [48.5%] 9,800/20,206 | Valid:26 | Sealed:9,774 | DB:56,598 | Parties:187,590
2026-04-30 10:59:18,160 [INFO] [49.5%] 10,000/20,206 | Valid:26 | Sealed:9,974 | DB:56,598 | Parties:187,590
2026-04-30 11:01:43,620 [INFO] [50.5%] 10,200/20,206 | Valid:26 | Sealed:10,174 | DB:56,598 | Parties:187,590
2026-04-30 11:04:13,288 [INFO] [51.5%] 10,400/20,206 | Valid:26 | Sealed:10,374 | DB:56,598 | Parties:187,590
2026-04-30 11:06:41,052 [INFO] [52.5%] 10,600/20,206 | Valid:26 | Sealed:10,574 | DB:56,598 | Parties:187,590
2026-04-30 11:09:09,567 [INFO] [53.4%] 10,800/20,206 | Valid:26 | Sealed:10,774 | DB:56,598 | Parties:187,590
2026-04-30 11:11:39,403 [INFO] [54.4%] 11,000/20,206 | Valid:26 | Sealed:10,974 | DB:56,598 | Parties:187,590
2026-04-30 11:14:07,587 [INFO] [55.4%] 11,200/20,206 | Valid:26 | Sealed:11,174 | DB:56,598 | Parties:187,590
2026-04-30 11:16:36,465 [INFO] [56.4%] 11,400/20,206 | Valid:26 | Sealed:11,374 | DB:56,598 | Parties:187,590
2026-04-30 11:19:02,906 [INFO] [57.4%] 11,600/20,206 | Valid:26 | Sealed:11,574 | DB:56,598 | Parties:187,590
2026-04-30 11:21:28,522 [INFO] [58.4%] 11,800/20,206 | Valid:26 | Sealed:11,774 | DB:56,598 | Parties:187,590
2026-04-30 11:23:54,703 [INFO] [59.4%] 12,000/20,206 | Valid:26 | Sealed:11,974 | DB:56,598 | Parties:187,590
2026-04-30 11:26:22,020 [INFO] [60.4%] 12,200/20,206 | Valid:26 | Sealed:12,174 | DB:56,598 | Parties:187,590
2026-04-30 11:28:48,654 [INFO] [61.4%] 12,400/20,206 | Valid:26 | Sealed:12,374 | DB:56,598 | Parties:187,590
2026-04-30 11:31:15,674 [INFO] [62.4%] 12,600/20,206 | Valid:26 | Sealed:12,574 | DB:56,598 | Parties:187,590
2026-04-30 11:33:43,809 [INFO] [63.3%] 12,800/20,206 | Valid:26 | Sealed:12,774 | DB:56,598 | Parties:187,590
2026-04-30 11:36:12,052 [INFO] [64.3%] 13,000/20,206 | Valid:26 | Sealed:12,974 | DB:56,598 | Parties:187,590
2026-04-30 11:38:38,735 [INFO] [65.3%] 13,200/20,206 | Valid:26 | Sealed:13,174 | DB:56,598 | Parties:187,590
2026-04-30 11:41:06,513 [INFO] [66.3%] 13,400/20,206 | Valid:26 | Sealed:13,374 | DB:56,598 | Parties:187,590
2026-04-30 11:43:30,810 [INFO] [67.3%] 13,600/20,206 | Valid:26 | Sealed:13,574 | DB:56,598 | Parties:187,590
2026-04-30 11:45:59,656 [INFO] [68.3%] 13,800/20,206 | Valid:26 | Sealed:13,774 | DB:56,598 | Parties:187,590
2026-04-30 11:48:26,964 [INFO] [69.3%] 14,000/20,206 | Valid:26 | Sealed:13,974 | DB:56,598 | Parties:187,590
2026-04-30 11:50:53,913 [INFO] [70.3%] 14,200/20,206 | Valid:26 | Sealed:14,174 | DB:56,598 | Parties:187,590
2026-04-30 11:53:19,405 [INFO] [71.3%] 14,400/20,206 | Valid:26 | Sealed:14,374 | DB:56,598 | Parties:187,590
2026-04-30 11:55:46,150 [INFO] [72.3%] 14,600/20,206 | Valid:26 | Sealed:14,574 | DB:56,598 | Parties:187,590
2026-04-30 11:58:14,000 [INFO] [73.2%] 14,800/20,206 | Valid:26 | Sealed:14,774 | DB:56,598 | Parties:187,590
2026-04-30 12:00:42,195 [INFO] [74.2%] 15,000/20,206 | Valid:26 | Sealed:14,974 | DB:56,598 | Parties:187,590
2026-04-30 12:03:10,697 [INFO] [75.2%] 15,200/20,206 | Valid:26 | Sealed:15,174 | DB:56,598 | Parties:187,590
2026-04-30 12:05:36,856 [INFO] [76.2%] 15,400/20,206 | Valid:26 | Sealed:15,374 | DB:56,598 | Parties:187,590
2026-04-30 12:08:06,202 [INFO] [77.2%] 15,600/20,206 | Valid:26 | Sealed:15,574 | DB:56,598 | Parties:187,590
2026-04-30 12:10:36,386 [INFO] [78.2%] 15,800/20,206 | Valid:26 | Sealed:15,774 | DB:56,598 | Parties:187,590
2026-04-30 12:13:05,029 [INFO] [79.2%] 16,000/20,206 | Valid:26 | Sealed:15,974 | DB:56,598 | Parties:187,590
2026-04-30 12:15:32,328 [INFO] [80.2%] 16,200/20,206 | Valid:26 | Sealed:16,174 | DB:56,598 | Parties:187,590
2026-04-30 12:18:00,234 [INFO] [81.2%] 16,400/20,206 | Valid:26 | Sealed:16,374 | DB:56,598 | Parties:187,590
2026-04-30 12:20:30,942 [INFO] [82.2%] 16,600/20,206 | Valid:26 | Sealed:16,574 | DB:56,598 | Parties:187,590
2026-04-30 12:23:00,186 [INFO] [83.1%] 16,800/20,206 | Valid:26 | Sealed:16,774 | DB:56,598 | Parties:187,590
2026-04-30 12:25:29,594 [INFO] [84.1%] 17,000/20,206 | Valid:26 | Sealed:16,974 | DB:56,598 | Parties:187,590
2026-04-30 12:28:00,814 [INFO] [85.1%] 17,200/20,206 | Valid:26 | Sealed:17,174 | DB:56,598 | Parties:187,590
2026-04-30 12:30:30,886 [INFO] [86.1%] 17,400/20,206 | Valid:26 | Sealed:17,374 | DB:56,598 | Parties:187,590
2026-04-30 12:32:59,933 [INFO] [87.1%] 17,600/20,206 | Valid:26 | Sealed:17,574 | DB:56,598 | Parties:187,590
2026-04-30 12:35:28,744 [INFO] [88.1%] 17,800/20,206 | Valid:26 | Sealed:17,774 | DB:56,598 | Parties:187,590
2026-04-30 12:37:58,550 [INFO] [89.1%] 18,000/20,206 | Valid:26 | Sealed:17,974 | DB:56,598 | Parties:187,590
2026-04-30 12:40:26,343 [INFO] [90.1%] 18,200/20,206 | Valid:26 | Sealed:18,174 | DB:56,598 | Parties:187,590
2026-04-30 12:42:56,182 [INFO] [91.1%] 18,400/20,206 | Valid:26 | Sealed:18,374 | DB:56,598 | Parties:187,590
2026-04-30 12:45:23,463 [INFO] [92.1%] 18,600/20,206 | Valid:26 | Sealed:18,574 | DB:56,598 | Parties:187,590
2026-04-30 12:47:50,713 [INFO] [93.0%] 18,800/20,206 | Valid:26 | Sealed:18,774 | DB:56,598 | Parties:187,590
2026-04-30 12:50:22,519 [INFO] [94.0%] 19,000/20,206 | Valid:26 | Sealed:18,974 | DB:56,598 | Parties:187,590
2026-04-30 12:52:53,414 [INFO] [95.0%] 19,200/20,206 | Valid:26 | Sealed:19,174 | DB:56,598 | Parties:187,590
2026-04-30 12:55:21,346 [INFO] [96.0%] 19,400/20,206 | Valid:26 | Sealed:19,374 | DB:56,598 | Parties:187,590
2026-04-30 12:57:52,140 [INFO] [97.0%] 19,600/20,206 | Valid:26 | Sealed:19,574 | DB:56,598 | Parties:187,590
2026-04-30 13:00:21,887 [INFO] [98.0%] 19,800/20,206 | Valid:26 | Sealed:19,774 | DB:56,598 | Parties:187,590
2026-04-30 13:02:52,689 [INFO] [99.0%] 20,000/20,206 | Valid:26 | Sealed:19,974 | DB:56,598 | Parties:187,590
2026-04-30 13:05:22,364 [INFO] [100.0%] 20,200/20,206 | Valid:26 | Sealed:20,174 | DB:56,598 | Parties:187,590
2026-04-30 13:05:30,094 [INFO] ============================================================
2026-04-30 13:05:30,094 [INFO] RETRY DONE. Valid:26 | Sealed:20,180 | Errors:0
2026-04-30 13:05:30,098 [INFO] Total DB: 56,598 cases | 187,590 party rows
